\BOOKMARK [0][-]{chapter.1}{Introduction}{}% 1
\BOOKMARK [0][-]{chapter.2}{Elementary Rules of Usage}{}% 2
\BOOKMARK [1][-]{section.2.1}{Rule 1}{chapter.2}% 3
\BOOKMARK [2][-]{subsection.2.1.1}{Exception}{section.2.1}% 4
\BOOKMARK [1][-]{section.2.2}{Rule 2}{chapter.2}% 5
\BOOKMARK [2][-]{subsection.2.2.1}{Exception}{section.2.2}% 6
\BOOKMARK [1][-]{section.2.3}{Rule 3}{chapter.2}% 7
\BOOKMARK [2][-]{subsection.2.3.1}{Exception}{section.2.3}% 8
\BOOKMARK [1][-]{section.2.4}{Rule 4}{chapter.2}% 9
\BOOKMARK [2][-]{subsection.2.4.1}{Exception}{section.2.4}% 10
\BOOKMARK [1][-]{section.2.5}{Rule 5}{chapter.2}% 11
\BOOKMARK [2][-]{subsection.2.5.1}{Exception}{section.2.5}% 12
\BOOKMARK [1][-]{section.2.6}{Rule 6}{chapter.2}% 13
\BOOKMARK [1][-]{section.2.7}{Rule 7}{chapter.2}% 14
\BOOKMARK [1][-]{section.2.8}{Rule 8}{chapter.2}% 15
\BOOKMARK [1][-]{section.2.9}{Rule 9}{chapter.2}% 16
\BOOKMARK [2][-]{subsection.2.9.1}{Exception}{section.2.9}% 17
\BOOKMARK [1][-]{section.2.10}{Rule 10}{chapter.2}% 18
\BOOKMARK [1][-]{section.2.11}{Rule 11}{chapter.2}% 19
\BOOKMARK [0][-]{chapter.3}{Elementary Principles of Composition}{}% 20
\BOOKMARK [1][-]{section.3.1}{Choosing a Suitable Design}{chapter.3}% 21
\BOOKMARK [1][-]{section.3.2}{Paragraph as the Unit Of Composition}{chapter.3}% 22
\BOOKMARK [1][-]{section.3.3}{Using Active Voice}{chapter.3}% 23
\BOOKMARK [1][-]{section.3.4}{Putting Statements in Positive Form}{chapter.3}% 24
\BOOKMARK [1][-]{section.3.5}{Using Definite, Specific, Concrete Language}{chapter.3}% 25
\BOOKMARK [1][-]{section.3.6}{Omitting Needless Words}{chapter.3}% 26
\BOOKMARK [1][-]{section.3.7}{Avoiding a Succession of Loose Sentences}{chapter.3}% 27
\BOOKMARK [1][-]{section.3.8}{Expressing Coordinate Ideas in Similar Form}{chapter.3}% 28
\BOOKMARK [1][-]{section.3.9}{Keeping Summaries in One Tense}{chapter.3}% 29
\BOOKMARK [1][-]{section.3.10}{Placing Emphatic Words at the End of a Sentence}{chapter.3}% 30
\BOOKMARK [0][-]{chapter.4}{A Few Matters of Form}{}% 31
\BOOKMARK [1][-]{section.4.1}{Colloquialisms}{chapter.4}% 32
\BOOKMARK [1][-]{section.4.2}{Exclamations}{chapter.4}% 33
\BOOKMARK [1][-]{section.4.3}{Headings}{chapter.4}% 34
\BOOKMARK [1][-]{section.4.4}{Hyphens}{chapter.4}% 35
\BOOKMARK [1][-]{section.4.5}{Margins}{chapter.4}% 36
\BOOKMARK [1][-]{section.4.6}{Numerals}{chapter.4}% 37
\BOOKMARK [1][-]{section.4.7}{Parenthesis}{chapter.4}% 38
\BOOKMARK [1][-]{section.4.8}{Quotations}{chapter.4}% 39
\BOOKMARK [1][-]{section.4.9}{Reference}{chapter.4}% 40
\BOOKMARK [1][-]{section.4.10}{Syllabication}{chapter.4}% 41
\BOOKMARK [1][-]{section.4.11}{Titles}{chapter.4}% 42
\BOOKMARK [0][-]{chapter.5}{Commonly Misused Words and Expressions}{}% 43
\BOOKMARK [0][-]{chapter.6}{An Approach to Style}{}% 44
\BOOKMARK [1][-]{section.6.1}{Placing Oneself in the Background}{chapter.6}% 45
\BOOKMARK [1][-]{section.6.2}{Writing in a Natural Way}{chapter.6}% 46
\BOOKMARK [1][-]{section.6.3}{Working from A Suitable Design}{chapter.6}% 47
\BOOKMARK [1][-]{section.6.4}{Writing with Nouns And Verbs}{chapter.6}% 48
\BOOKMARK [1][-]{section.6.5}{Revise And Rewrite}{chapter.6}% 49
\BOOKMARK [1][-]{section.6.6}{Avoid Overwriting}{chapter.6}% 50
\BOOKMARK [1][-]{section.6.7}{Avoid Overstating}{chapter.6}% 51
\BOOKMARK [1][-]{section.6.8}{Avoiding Usage of Qualifiers}{chapter.6}% 52
\BOOKMARK [1][-]{section.6.9}{Not Affecting Breezy Manner}{chapter.6}% 53
\BOOKMARK [1][-]{section.6.10}{Using Orthodox Spelling}{chapter.6}% 54
\BOOKMARK [1][-]{section.6.11}{Avoid Unnecessary Explanations}{chapter.6}% 55
\BOOKMARK [1][-]{section.6.12}{Constructing Awkward Adverbs}{chapter.6}% 56
\BOOKMARK [1][-]{section.6.13}{Making Sure The Reader Knows The Speaker}{chapter.6}% 57
\BOOKMARK [1][-]{section.6.14}{Avoiding Fancy Words}{chapter.6}% 58
\BOOKMARK [1][-]{section.6.15}{Restricting The Use of Dialect}{chapter.6}% 59
\BOOKMARK [1][-]{section.6.16}{Being Clear}{chapter.6}% 60
\BOOKMARK [1][-]{section.6.17}{Not Injecting Opinion}{chapter.6}% 61
\BOOKMARK [1][-]{section.6.18}{Using Figure of Speech Sparingly}{chapter.6}% 62
\BOOKMARK [1][-]{section.6.19}{Not Taking Shortcuts at The Cost of Clarity}{chapter.6}% 63
\BOOKMARK [1][-]{section.6.20}{Avoiding Foreign Language}{chapter.6}% 64
\BOOKMARK [1][-]{section.6.21}{Preferring The Standard to The Offbeat}{chapter.6}% 65
\BOOKMARK [0][-]{chapter.7}{Conclusion}{}% 66
